<?xml version="1.0" encoding="UTF-8"?>
<!-- Generated by org.testng.reporters.JUnitXMLReporter -->
<testsuite hostname="SHIVRON" failures="0" tests="3" name="test" time="2.725" errors="0" timestamp="19 Apr 2020 16:12:23 GMT">
  <testcase classname="com.another.app.QAClick" name="RadioButton" time="2.253"/>
  <testcase classname="com.another.app.QAClick" name="shouldAnswerWithTrue" time="0.15"/>
  <testcase classname="com.another.app.TestBase" name="shouldAnswerWithTrue" time="0.22"/>
</testsuite> <!-- test -->
