<?xml version="1.0" encoding="UTF-8"?>
<!-- Generated by org.testng.reporters.JUnitXMLReporter -->
<testsuite hostname="SHIVRON" failures="0" tests="4" name="test" time="0.169" errors="0" timestamp="15 Apr 2020 16:44:31 GMT">
  <testcase classname="com.practice.app.NewTest" name="SampleTest" time="0.144"/>
  <testcase classname="com.practice.app.NewTest" name="shouldAnswerWithTrue" time="0.001"/>
  <testcase classname="com.practice.app.NewSampleTest" name="SampleTest" time="0.001"/>
  <testcase classname="com.another.app.ABCTest" name="shouldAnswerWithTrue" time="0.001"/>
</testsuite> <!-- test -->
