<?xml version="1.0" encoding="UTF-8"?>
<testng-results total="2" passed="2" failed="0" skipped="0">
  <reporter-output>
  </reporter-output>
  <suite started-at="2020-04-09T15:26:07Z" name="Suite" finished-at="2020-04-09T15:26:07Z" duration-ms="111">
    <groups>
    </groups>
    <test started-at="2020-04-09T15:26:07Z" name="test" finished-at="2020-04-09T15:26:07Z" duration-ms="111">
      <class name="com.practice.app.NewTest">
        <test-method signature="SampleTest()[pri:0, instance:com.practice.app.NewTest@7d61eb55]" started-at="2020-04-09T20:56:07Z" name="SampleTest" finished-at="2020-04-09T20:56:07Z" duration-ms="81" status="PASS">
          <reporter-output>
          </reporter-output>
        </test-method> <!-- SampleTest -->
        <test-method signature="shouldAnswerWithTrue()[pri:0, instance:com.practice.app.NewTest@7d61eb55]" started-at="2020-04-09T20:56:07Z" name="shouldAnswerWithTrue" finished-at="2020-04-09T20:56:07Z" duration-ms="0" status="PASS">
          <reporter-output>
          </reporter-output>
        </test-method> <!-- shouldAnswerWithTrue -->
      </class> <!-- com.practice.app.NewTest -->
    </test> <!-- test -->
  </suite> <!-- Suite -->
</testng-results>
