<?xml version="1.0" encoding="UTF-8"?>
<testng-results total="2" passed="2" failed="0" skipped="0">
  <reporter-output>
  </reporter-output>
  <suite started-at="2020-04-08T18:49:25Z" name="Default suite" finished-at="2020-04-08T18:49:25Z" duration-ms="139">
    <groups>
    </groups>
    <test started-at="2020-04-08T18:49:25Z" name="Default test" finished-at="2020-04-08T18:49:25Z" duration-ms="139">
      <class name="com.practice.app.NewTest">
        <test-method signature="SampleTest()[pri:0, instance:com.practice.app.NewTest@560348e6]" started-at="2020-04-09T00:19:25Z" name="SampleTest" finished-at="2020-04-09T00:19:25Z" duration-ms="68" status="PASS">
          <reporter-output>
          </reporter-output>
        </test-method> <!-- SampleTest -->
        <test-method signature="shouldAnswerWithTrue()[pri:0, instance:com.practice.app.NewTest@560348e6]" started-at="2020-04-09T00:19:25Z" name="shouldAnswerWithTrue" finished-at="2020-04-09T00:19:25Z" duration-ms="8" status="PASS">
          <reporter-output>
          </reporter-output>
        </test-method> <!-- shouldAnswerWithTrue -->
      </class> <!-- com.practice.app.NewTest -->
    </test> <!-- Default test -->
  </suite> <!-- Default suite -->
</testng-results>
